
CronRun @ Success
Thu Oct 25 18:54:01 PKT 2018
adwords
billingtables
chrome_extensions
credentials
Desktop
Documents
Downloads
dumps
examples.desktop
importants
kashif
Music
myprojects
nodejs_projects
Pictures
Public
purevpn
randomWork
skypeforlinux-64.deb
softwares
Templates
Testing
userandexperience
userandexperience.rar
Videos

CronRun @ Success
Thu Oct 25 18:55:01 PKT 2018
adwords
billingtables
chrome_extensions
credentials
Desktop
Documents
Downloads
dumps
examples.desktop
importants
kashif
Music
myprojects
nodejs_projects
Pictures
Public
purevpn
randomWork
skypeforlinux-64.deb
softwares
Templates
Testing
userandexperience
userandexperience.rar
Videos
